2023-12-02 03:57:20.614 [info] Log level: Info
2023-12-02 03:57:20.614 [info] Validating found git in: "git"
2023-12-02 03:57:20.614 [info] Using git "2.30.2" from "git"
2023-12-02 03:57:20.614 [info] > git rev-parse --show-toplevel [3ms]
2023-12-02 03:57:20.614 [info] fatal: not a git repository (or any of the parent directories): .git
2023-12-02 03:57:20.614 [info] > git rev-parse --show-toplevel [1ms]
2023-12-02 03:57:20.614 [info] fatal: not a git repository (or any of the parent directories): .git
2023-12-02 03:57:20.614 [info] > git rev-parse --show-toplevel [1ms]
2023-12-02 03:57:20.614 [info] fatal: not a git repository (or any of the parent directories): .git
2023-12-02 03:57:20.614 [info] > git rev-parse --show-toplevel [1ms]
2023-12-02 03:57:20.614 [info] fatal: not a git repository (or any of the parent directories): .git
2023-12-02 03:57:20.614 [info] > git rev-parse --show-toplevel [1ms]
2023-12-02 03:57:20.614 [info] fatal: not a git repository (or any of the parent directories): .git
2023-12-02 03:57:20.614 [info] > git rev-parse --show-toplevel [0ms]
2023-12-02 03:57:20.614 [info] fatal: not a git repository (or any of the parent directories): .git
2023-12-02 03:57:20.614 [info] > git rev-parse --show-toplevel [1ms]
2023-12-02 03:57:20.614 [info] fatal: not a git repository (or any of the parent directories): .git
2023-12-02 03:57:58.154 [info] > git rev-parse --show-toplevel [2ms]
2023-12-02 03:57:58.154 [info] fatal: not a git repository (or any of the parent directories): .git
2023-12-02 03:57:59.034 [info] > git rev-parse --show-toplevel [1ms]
2023-12-02 03:57:59.034 [info] fatal: not a git repository (or any of the parent directories): .git
2023-12-02 03:58:03.625 [info] > git rev-parse --show-toplevel [1ms]
2023-12-02 03:58:03.625 [info] fatal: not a git repository (or any of the parent directories): .git
2023-12-02 04:00:08.152 [info] > git rev-parse --show-toplevel [1ms]
2023-12-02 04:00:08.152 [info] fatal: not a git repository (or any of the parent directories): .git
2023-12-02 04:00:13.465 [info] > git rev-parse --show-toplevel [2ms]
2023-12-02 04:00:13.465 [info] fatal: not a git repository (or any of the parent directories): .git
2023-12-02 04:00:15.127 [info] > git rev-parse --show-toplevel [1ms]
2023-12-02 04:00:15.127 [info] fatal: not a git repository (or any of the parent directories): .git
2023-12-02 04:00:18.206 [info] > git rev-parse --show-toplevel [1ms]
2023-12-02 04:00:18.207 [info] fatal: not a git repository (or any of the parent directories): .git
2023-12-02 04:00:18.950 [info] > git rev-parse --show-toplevel [2ms]
2023-12-02 04:00:18.950 [info] fatal: not a git repository (or any of the parent directories): .git
2023-12-02 04:00:19.611 [info] > git rev-parse --show-toplevel [0ms]
2023-12-02 04:00:19.611 [info] fatal: not a git repository (or any of the parent directories): .git
2023-12-02 04:00:22.849 [info] > git rev-parse --show-toplevel [1ms]
2023-12-02 04:00:22.849 [info] fatal: not a git repository (or any of the parent directories): .git
2023-12-02 04:00:23.363 [info] > git rev-parse --show-toplevel [2ms]
2023-12-02 04:00:23.363 [info] fatal: not a git repository (or any of the parent directories): .git
2023-12-02 04:00:24.032 [info] > git rev-parse --show-toplevel [2ms]
2023-12-02 04:00:24.032 [info] fatal: not a git repository (or any of the parent directories): .git
2023-12-02 04:00:25.947 [info] > git rev-parse --show-toplevel [2ms]
2023-12-02 04:00:25.947 [info] fatal: not a git repository (or any of the parent directories): .git
2023-12-02 04:00:27.040 [info] > git rev-parse --show-toplevel [1ms]
2023-12-02 04:00:27.040 [info] fatal: not a git repository (or any of the parent directories): .git
2023-12-02 04:00:27.724 [info] > git rev-parse --show-toplevel [2ms]
2023-12-02 04:00:27.724 [info] fatal: not a git repository (or any of the parent directories): .git
2023-12-02 04:01:15.229 [info] > git rev-parse --show-toplevel [5ms]
2023-12-02 04:01:15.229 [info] fatal: not a git repository (or any of the parent directories): .git
2023-12-02 04:01:17.395 [info] > git rev-parse --show-toplevel [6ms]
2023-12-02 04:01:17.395 [info] fatal: not a git repository (or any of the parent directories): .git
2023-12-02 04:01:19.144 [info] > git rev-parse --show-toplevel [1ms]
2023-12-02 04:01:19.145 [info] fatal: not a git repository (or any of the parent directories): .git
2023-12-02 04:01:23.169 [info] > git rev-parse --show-toplevel [1ms]
2023-12-02 04:01:23.169 [info] fatal: not a git repository (or any of the parent directories): .git
2023-12-02 04:01:49.968 [info] > git rev-parse --show-toplevel [2ms]
2023-12-02 04:01:49.968 [info] fatal: not a git repository (or any of the parent directories): .git
2023-12-02 04:02:04.849 [info] > git rev-parse --show-toplevel [1ms]
2023-12-02 04:02:04.849 [info] fatal: not a git repository (or any of the parent directories): .git
2023-12-02 04:14:15.423 [info] > git rev-parse --show-toplevel [3ms]
2023-12-02 04:14:15.423 [info] fatal: not a git repository (or any of the parent directories): .git
2023-12-02 04:14:16.326 [info] > git rev-parse --show-toplevel [1ms]
2023-12-02 04:14:16.327 [info] fatal: not a git repository (or any of the parent directories): .git
2023-12-02 04:14:17.268 [info] > git rev-parse --show-toplevel [1ms]
2023-12-02 04:14:17.269 [info] fatal: not a git repository (or any of the parent directories): .git
2023-12-02 04:14:17.893 [info] > git rev-parse --show-toplevel [2ms]
2023-12-02 04:14:17.893 [info] fatal: not a git repository (or any of the parent directories): .git
2023-12-02 04:29:43.367 [info] > git rev-parse --show-toplevel [1ms]
2023-12-02 04:29:43.367 [info] fatal: not a git repository (or any of the parent directories): .git
2023-12-02 04:38:46.489 [info] > git rev-parse --show-toplevel [2ms]
2023-12-02 04:38:46.489 [info] fatal: not a git repository (or any of the parent directories): .git
2023-12-02 04:44:07.829 [info] > git rev-parse --show-toplevel [1ms]
2023-12-02 04:44:07.829 [info] fatal: not a git repository (or any of the parent directories): .git
2023-12-02 04:44:08.605 [info] > git rev-parse --show-toplevel [2ms]
2023-12-02 04:44:08.606 [info] fatal: not a git repository (or any of the parent directories): .git
2023-12-02 04:44:11.185 [info] > git rev-parse --show-toplevel [17ms]
2023-12-02 04:44:11.186 [info] fatal: not a git repository (or any of the parent directories): .git
2023-12-02 04:44:12.640 [info] > git rev-parse --show-toplevel [49ms]
2023-12-02 04:44:12.640 [info] fatal: not a git repository (or any of the parent directories): .git
2023-12-02 04:44:14.108 [info] > git rev-parse --show-toplevel [36ms]
2023-12-02 04:44:14.108 [info] fatal: not a git repository (or any of the parent directories): .git
2023-12-02 04:44:14.241 [info] > git rev-parse --show-toplevel [5ms]
2023-12-02 04:44:14.241 [info] fatal: not a git repository (or any of the parent directories): .git
2023-12-02 04:44:15.002 [info] > git rev-parse --show-toplevel [8ms]
2023-12-02 04:44:15.002 [info] fatal: not a git repository (or any of the parent directories): .git
2023-12-02 04:44:19.418 [info] > git rev-parse --show-toplevel [43ms]
2023-12-02 04:44:19.419 [info] fatal: not a git repository (or any of the parent directories): .git
2023-12-02 04:44:20.588 [info] > git rev-parse --show-toplevel [2ms]
2023-12-02 04:44:20.588 [info] fatal: not a git repository (or any of the parent directories): .git
2023-12-02 04:44:22.256 [info] > git rev-parse --show-toplevel [1ms]
2023-12-02 04:44:22.256 [info] fatal: not a git repository (or any of the parent directories): .git
2023-12-02 04:48:54.706 [info] > git rev-parse --show-toplevel [2ms]
2023-12-02 04:48:54.706 [info] fatal: not a git repository (or any of the parent directories): .git
2023-12-02 04:51:23.114 [info] > git rev-parse --show-toplevel [2ms]
2023-12-02 04:51:23.114 [info] fatal: not a git repository (or any of the parent directories): .git
2023-12-02 04:53:38.388 [info] > git rev-parse --show-toplevel [48ms]
2023-12-02 04:53:38.388 [info] fatal: not a git repository (or any of the parent directories): .git
2023-12-02 04:53:38.960 [info] > git rev-parse --show-toplevel [84ms]
2023-12-02 04:53:38.960 [info] fatal: not a git repository (or any of the parent directories): .git
2023-12-02 04:53:39.446 [info] > git rev-parse --show-toplevel [7ms]
2023-12-02 04:53:39.446 [info] fatal: not a git repository (or any of the parent directories): .git
2023-12-02 04:53:42.633 [info] > git rev-parse --show-toplevel [6ms]
2023-12-02 04:53:42.633 [info] fatal: not a git repository (or any of the parent directories): .git
2023-12-02 04:53:44.731 [info] > git rev-parse --show-toplevel [2ms]
2023-12-02 04:53:44.731 [info] fatal: not a git repository (or any of the parent directories): .git
2023-12-02 04:53:47.695 [info] > git rev-parse --show-toplevel [7ms]
2023-12-02 04:53:47.696 [info] fatal: not a git repository (or any of the parent directories): .git
2023-12-02 04:53:48.910 [info] > git rev-parse --show-toplevel [1ms]
2023-12-02 04:53:48.911 [info] fatal: not a git repository (or any of the parent directories): .git
2023-12-02 04:54:41.787 [info] > git rev-parse --show-toplevel [2ms]
2023-12-02 04:54:41.787 [info] fatal: not a git repository (or any of the parent directories): .git
2023-12-02 04:54:45.807 [info] > git rev-parse --show-toplevel [1ms]
2023-12-02 04:54:45.807 [info] fatal: not a git repository (or any of the parent directories): .git
2023-12-02 04:54:47.484 [info] > git rev-parse --show-toplevel [1ms]
2023-12-02 04:54:47.484 [info] fatal: not a git repository (or any of the parent directories): .git
2023-12-02 04:55:03.241 [info] > git rev-parse --show-toplevel [2ms]
2023-12-02 04:55:03.241 [info] fatal: not a git repository (or any of the parent directories): .git
2023-12-02 04:55:09.056 [info] > git rev-parse --show-toplevel [2ms]
2023-12-02 04:55:09.056 [info] fatal: not a git repository (or any of the parent directories): .git
2023-12-02 04:58:02.416 [info] > git rev-parse --show-toplevel [1ms]
2023-12-02 04:58:02.416 [info] fatal: not a git repository (or any of the parent directories): .git
2023-12-02 04:58:06.087 [info] > git rev-parse --show-toplevel [1ms]
2023-12-02 04:58:06.087 [info] fatal: not a git repository (or any of the parent directories): .git
2023-12-02 05:00:06.601 [info] > git rev-parse --show-toplevel [1ms]
2023-12-02 05:00:06.601 [info] fatal: not a git repository (or any of the parent directories): .git
2023-12-02 05:03:23.519 [info] > git rev-parse --show-toplevel [2ms]
2023-12-02 05:03:23.519 [info] fatal: not a git repository (or any of the parent directories): .git
2023-12-02 05:03:27.141 [info] > git rev-parse --show-toplevel [1ms]
2023-12-02 05:03:27.141 [info] fatal: not a git repository (or any of the parent directories): .git
2023-12-02 05:03:34.487 [info] > git rev-parse --show-toplevel [1ms]
2023-12-02 05:03:34.487 [info] fatal: not a git repository (or any of the parent directories): .git
2023-12-02 05:03:37.871 [info] > git rev-parse --show-toplevel [6ms]
2023-12-02 05:03:37.871 [info] fatal: not a git repository (or any of the parent directories): .git
2023-12-02 05:03:49.336 [info] > git rev-parse --show-toplevel [2ms]
2023-12-02 05:03:49.336 [info] fatal: not a git repository (or any of the parent directories): .git
2023-12-02 05:03:52.707 [info] > git rev-parse --show-toplevel [1ms]
2023-12-02 05:03:52.707 [info] fatal: not a git repository (or any of the parent directories): .git
2023-12-02 05:04:07.128 [info] > git rev-parse --show-toplevel [1ms]
2023-12-02 05:04:07.128 [info] fatal: not a git repository (or any of the parent directories): .git
2023-12-02 05:04:08.543 [info] > git rev-parse --show-toplevel [1ms]
2023-12-02 05:04:08.543 [info] fatal: not a git repository (or any of the parent directories): .git
2023-12-02 05:04:12.292 [info] > git rev-parse --show-toplevel [42ms]
2023-12-02 05:04:12.293 [info] fatal: not a git repository (or any of the parent directories): .git
2023-12-02 05:04:12.303 [info] > git rev-parse --show-toplevel [1ms]
2023-12-02 05:04:12.303 [info] fatal: not a git repository (or any of the parent directories): .git
2023-12-02 05:04:33.671 [info] > git rev-parse --show-toplevel [1ms]
2023-12-02 05:04:33.671 [info] fatal: not a git repository (or any of the parent directories): .git
2023-12-02 05:04:34.804 [info] > git rev-parse --show-toplevel [1ms]
2023-12-02 05:04:34.804 [info] fatal: not a git repository (or any of the parent directories): .git
2023-12-02 05:04:35.524 [info] > git rev-parse --show-toplevel [1ms]
2023-12-02 05:04:35.524 [info] fatal: not a git repository (or any of the parent directories): .git
2023-12-02 05:04:36.928 [info] > git rev-parse --show-toplevel [3ms]
2023-12-02 05:04:36.928 [info] fatal: not a git repository (or any of the parent directories): .git
2023-12-02 05:04:37.695 [info] > git rev-parse --show-toplevel [1ms]
2023-12-02 05:04:37.695 [info] fatal: not a git repository (or any of the parent directories): .git
2023-12-02 05:04:38.852 [info] > git rev-parse --show-toplevel [1ms]
2023-12-02 05:04:38.852 [info] fatal: not a git repository (or any of the parent directories): .git
2023-12-02 05:04:39.579 [info] > git rev-parse --show-toplevel [1ms]
2023-12-02 05:04:39.579 [info] fatal: not a git repository (or any of the parent directories): .git
2023-12-02 05:04:40.134 [info] > git rev-parse --show-toplevel [1ms]
2023-12-02 05:04:40.135 [info] fatal: not a git repository (or any of the parent directories): .git
2023-12-02 05:04:40.795 [info] > git rev-parse --show-toplevel [1ms]
2023-12-02 05:04:40.795 [info] fatal: not a git repository (or any of the parent directories): .git
2023-12-02 05:04:41.252 [info] > git rev-parse --show-toplevel [1ms]
2023-12-02 05:04:41.252 [info] fatal: not a git repository (or any of the parent directories): .git
2023-12-02 05:04:41.675 [info] > git rev-parse --show-toplevel [1ms]
2023-12-02 05:04:41.676 [info] fatal: not a git repository (or any of the parent directories): .git
2023-12-02 05:04:42.207 [info] > git rev-parse --show-toplevel [1ms]
2023-12-02 05:04:42.207 [info] fatal: not a git repository (or any of the parent directories): .git
2023-12-02 05:04:44.914 [info] > git rev-parse --show-toplevel [2ms]
2023-12-02 05:04:44.914 [info] fatal: not a git repository (or any of the parent directories): .git
2023-12-02 05:04:45.464 [info] > git rev-parse --show-toplevel [2ms]
2023-12-02 05:04:45.464 [info] fatal: not a git repository (or any of the parent directories): .git
2023-12-02 05:04:45.971 [info] > git rev-parse --show-toplevel [2ms]
2023-12-02 05:04:45.971 [info] fatal: not a git repository (or any of the parent directories): .git
